TN:
SF:/Users/zihanli/Desktop/comp431_531/hw5/src/polyfills.ts
FNF:0
FNH:0
DA:41,1
DA:42,1
DA:56,1
LF:3
LH:3
BRF:0
BRH:0
end_of_record
TN:
SF:/Users/zihanli/Desktop/comp431_531/hw5/src/test.ts
FN:20,(anonymous_0)
FNF:1
FNH:1
FNDA:1,(anonymous_0)
DA:3,1
DA:4,1
DA:5,1
DA:6,1
DA:7,1
DA:8,1
DA:9,1
DA:10,1
DA:20,1
DA:23,1
DA:28,1
DA:30,1
DA:32,1
LF:13
LH:13
BRF:0
BRH:0
end_of_record
TN:
SF:/Users/zihanli/Desktop/comp431_531/hw5/src/app/actions.service.ts
FN:7,(anonymous_2)
FN:9,ActionsService
FN:10,(anonymous_4)
FN:16,(anonymous_5)
FN:23,(anonymous_6)
FN:29,(anonymous_7)
FN:34,(anonymous_8)
FN:42,(anonymous_9)
FN:54,(anonymous_10)
FNF:9
FNH:9
FNDA:1,(anonymous_2)
FNDA:3,ActionsService
FNDA:1,(anonymous_4)
FNDA:1,(anonymous_5)
FNDA:1,(anonymous_6)
FNDA:1,(anonymous_7)
FNDA:1,(anonymous_8)
FNDA:9,(anonymous_9)
FNDA:8,(anonymous_10)
DA:1,1
DA:7,1
DA:10,1
DA:12,1
DA:13,1
DA:14,1
DA:16,1
DA:18,1
DA:19,1
DA:20,1
DA:23,1
DA:27,1
DA:29,1
DA:32,1
DA:34,1
DA:36,1
DA:40,1
DA:41,1
DA:42,1
DA:43,9
DA:51,9
DA:53,9
DA:55,8
DA:57,8
DA:58,8
DA:60,0
DA:64,0
DA:65,0
LF:28
LH:25
BRDA:51,0,0,3
BRDA:51,0,1,6
BRDA:55,1,0,8
BRDA:55,1,1,0
BRDA:57,2,0,8
BRDA:57,2,1,0
BRF:6
BRH:4
end_of_record
TN:
SF:/Users/zihanli/Desktop/comp431_531/hw5/src/app/app.component.ts
FN:7,(anonymous_2)
FN:9,AppComponent
FNF:2
FNH:1
FNDA:1,(anonymous_2)
FNDA:0,AppComponent
DA:1,1
DA:7,1
DA:10,1
LF:3
LH:3
BRF:0
BRH:0
end_of_record
TN:
SF:/Users/zihanli/Desktop/comp431_531/hw5/src/app/app.module.ts
FN:42,(anonymous_1)
FN:42,AppModule
FNF:2
FNH:1
FNDA:1,(anonymous_1)
FNDA:0,AppModule
DA:1,1
DA:2,1
DA:3,1
DA:4,1
DA:5,1
DA:6,1
DA:7,1
DA:8,1
DA:9,1
DA:10,1
DA:11,1
DA:12,1
DA:13,1
DA:19,1
DA:42,1
LF:15
LH:15
BRF:0
BRH:0
end_of_record
TN:
SF:/Users/zihanli/Desktop/comp431_531/hw5/src/app/article/article.service.ts
FN:5,(anonymous_2)
FN:14,(anonymous_4)
FN:16,ArticleService
FN:19,(anonymous_6)
FN:23,(anonymous_7)
FN:29,(anonymous_8)
FN:34,(anonymous_9)
FNF:7
FNH:7
FNDA:1,(anonymous_2)
FNDA:1,(anonymous_4)
FNDA:3,ArticleService
FNDA:1,(anonymous_6)
FNDA:1,(anonymous_7)
FNDA:1,(anonymous_8)
FNDA:1,(anonymous_9)
DA:1,1
DA:2,1
DA:3,1
DA:4,1
DA:5,1
DA:12,1
DA:14,1
DA:16,3
DA:19,1
DA:21,1
DA:23,1
DA:28,1
DA:29,1
DA:31,1
DA:34,1
DA:36,1
LF:16
LH:16
BRDA:16,0,0,1
BRDA:16,0,1,0
BRDA:16,1,0,1
BRF:3
BRH:2
end_of_record
TN:
SF:/Users/zihanli/Desktop/comp431_531/hw5/src/app/author/temp-author.service.ts
FN:6,(anonymous_2)
FN:18,TempAuthorService
FN:28,(anonymous_4)
FN:34,(anonymous_5)
FN:41,(anonymous_6)
FN:46,(anonymous_7)
FNF:6
FNH:2
FNDA:1,(anonymous_2)
FNDA:3,TempAuthorService
FNDA:0,(anonymous_4)
FNDA:0,(anonymous_5)
FNDA:0,(anonymous_6)
FNDA:0,(anonymous_7)
DA:1,1
DA:6,1
DA:7,3
DA:19,3
DA:21,2
DA:25,1
DA:28,1
DA:30,0
DA:31,0
DA:34,1
DA:36,0
DA:37,0
DA:41,1
DA:43,0
DA:44,0
DA:46,1
DA:48,0
DA:49,0
DA:53,1
LF:19
LH:11
BRDA:19,0,0,2
BRDA:19,0,1,1
BRF:2
BRH:2
end_of_record
TN:
SF:/Users/zihanli/Desktop/comp431_531/hw5/src/app/landing/landing.component.ts
FN:10,(anonymous_2)
FN:12,LandingComponent
FN:13,(anonymous_4)
FNF:3
FNH:1
FNDA:1,(anonymous_2)
FNDA:0,LandingComponent
FNDA:0,(anonymous_4)
DA:1,1
DA:10,1
DA:13,1
DA:16,1
LF:4
LH:4
BRF:0
BRH:0
end_of_record
TN:
SF:/Users/zihanli/Desktop/comp431_531/hw5/src/app/landing/login/login.component.ts
FN:13,(anonymous_2)
FN:19,LoginComponent
FN:21,(anonymous_4)
FN:23,(anonymous_5)
FNF:4
FNH:1
FNDA:1,(anonymous_2)
FNDA:0,LoginComponent
FNDA:0,(anonymous_4)
FNDA:0,(anonymous_5)
DA:1,1
DA:3,1
DA:4,1
DA:6,1
DA:13,1
DA:15,0
DA:16,0
DA:19,0
DA:21,1
DA:23,1
DA:25,0
DA:27,0
DA:30,0
DA:33,0
DA:39,1
LF:15
LH:8
BRDA:27,0,0,0
BRDA:27,0,1,0
BRDA:19,1,0,1
BRDA:19,1,1,0
BRDA:19,2,0,1
BRDA:19,3,0,1
BRDA:19,3,1,1
BRDA:19,3,2,0
BRDA:19,4,0,1
BRDA:19,4,1,1
BRDA:19,5,0,1
BRDA:19,5,1,1
BRDA:19,5,2,0
BRDA:19,6,0,1
BRDA:19,6,1,1
BRF:15
BRH:10
end_of_record
TN:
SF:/Users/zihanli/Desktop/comp431_531/hw5/src/app/landing/login/login.service.ts
FN:7,(anonymous_2)
FN:9,LoginService
FN:12,(anonymous_4)
FN:14,(anonymous_5)
FN:19,(anonymous_6)
FN:23,(anonymous_7)
FN:29,(anonymous_8)
FN:30,(anonymous_9)
FN:32,(anonymous_10)
FN:33,(anonymous_11)
FN:36,(anonymous_12)
FN:40,(anonymous_13)
FN:47,(anonymous_14)
FN:51,(anonymous_15)
FNF:14
FNH:7
FNDA:1,(anonymous_2)
FNDA:3,LoginService
FNDA:3,(anonymous_4)
FNDA:0,(anonymous_5)
FNDA:0,(anonymous_6)
FNDA:0,(anonymous_7)
FNDA:0,(anonymous_8)
FNDA:0,(anonymous_9)
FNDA:0,(anonymous_10)
FNDA:0,(anonymous_11)
FNDA:2,(anonymous_12)
FNDA:2,(anonymous_13)
FNDA:1,(anonymous_14)
FNDA:1,(anonymous_15)
DA:1,1
DA:2,1
DA:4,1
DA:5,1
DA:7,1
DA:9,3
DA:10,3
DA:12,3
DA:14,1
DA:15,0
DA:17,0
DA:19,0
DA:21,0
DA:23,0
DA:25,0
DA:27,0
DA:29,1
DA:30,0
DA:32,1
DA:33,0
DA:35,1
DA:36,1
DA:38,2
DA:39,2
DA:41,2
DA:42,1
DA:44,1
DA:47,1
DA:49,1
DA:50,1
DA:51,1
LF:31
LH:22
BRDA:15,0,0,0
BRDA:15,0,1,0
BRDA:19,1,0,0
BRDA:19,1,1,0
BRDA:23,2,0,0
BRDA:23,2,1,0
BRDA:9,3,0,1
BRDA:9,3,1,0
BRDA:9,4,0,1
BRDA:41,5,0,1
BRDA:41,5,1,1
BRF:11
BRH:4
end_of_record
TN:
SF:/Users/zihanli/Desktop/comp431_531/hw5/src/app/landing/register/register.component.ts
FN:14,(anonymous_2)
FN:27,RegisterComponent
FN:29,(anonymous_4)
FN:31,(anonymous_5)
FNF:4
FNH:1
FNDA:1,(anonymous_2)
FNDA:0,RegisterComponent
FNDA:0,(anonymous_4)
FNDA:0,(anonymous_5)
DA:1,1
DA:2,1
DA:4,1
DA:5,1
DA:14,1
DA:16,0
DA:27,0
DA:29,1
DA:31,1
DA:35,0
DA:36,0
DA:37,0
DA:38,0
DA:39,0
DA:40,0
DA:48,1
LF:16
LH:8
BRDA:27,0,0,1
BRDA:27,0,1,0
BRDA:27,1,0,1
BRDA:27,2,0,1
BRDA:27,2,1,1
BRDA:27,2,2,0
BRDA:27,3,0,1
BRDA:27,3,1,1
BRDA:27,4,0,1
BRDA:27,4,1,1
BRDA:27,4,2,0
BRDA:27,5,0,1
BRDA:27,5,1,1
BRF:13
BRH:10
end_of_record
TN:
SF:/Users/zihanli/Desktop/comp431_531/hw5/src/app/landing/register/register.service.ts
FN:4,(anonymous_2)
FN:11,RegisterService
FN:12,(anonymous_4)
FN:23,(anonymous_5)
FN:34,(anonymous_6)
FN:45,(anonymous_7)
FN:56,(anonymous_8)
FN:81,(anonymous_9)
FNF:8
FNH:1
FNDA:1,(anonymous_2)
FNDA:0,RegisterService
FNDA:0,(anonymous_4)
FNDA:0,(anonymous_5)
FNDA:0,(anonymous_6)
FNDA:0,(anonymous_7)
FNDA:0,(anonymous_8)
FNDA:0,(anonymous_9)
DA:1,1
DA:4,1
DA:5,0
DA:6,0
DA:8,0
DA:9,0
DA:12,1
DA:13,0
DA:15,0
DA:17,0
DA:19,0
DA:21,0
DA:23,1
DA:24,0
DA:26,0
DA:28,0
DA:30,0
DA:32,0
DA:34,1
DA:35,0
DA:37,0
DA:39,0
DA:41,0
DA:43,0
DA:45,1
DA:46,0
DA:48,0
DA:50,0
DA:52,0
DA:54,0
DA:56,1
DA:58,0
DA:61,0
DA:63,0
DA:65,0
DA:67,0
DA:69,0
DA:71,0
DA:73,0
DA:75,0
DA:79,0
DA:81,1
DA:82,0
DA:84,0
DA:86,0
DA:88,0
DA:90,0
DA:93,1
LF:48
LH:9
BRDA:13,0,0,0
BRDA:13,0,1,0
BRDA:17,1,0,0
BRDA:17,1,1,0
BRDA:24,2,0,0
BRDA:24,2,1,0
BRDA:28,3,0,0
BRDA:28,3,1,0
BRDA:35,4,0,0
BRDA:35,4,1,0
BRDA:39,5,0,0
BRDA:39,5,1,0
BRDA:46,6,0,0
BRDA:46,6,1,0
BRDA:50,7,0,0
BRDA:50,7,1,0
BRDA:61,8,0,0
BRDA:61,8,1,0
BRDA:65,9,0,0
BRDA:65,9,1,0
BRDA:67,10,0,0
BRDA:67,10,1,0
BRDA:71,11,0,0
BRDA:71,11,1,0
BRDA:73,12,0,0
BRDA:73,12,1,0
BRDA:82,13,0,0
BRDA:82,13,1,0
BRDA:86,14,0,0
BRDA:86,14,1,0
BRF:30
BRH:0
end_of_record
TN:
SF:/Users/zihanli/Desktop/comp431_531/hw5/src/app/main/following.ts
FN:1,(anonymous_0)
FNF:1
FNH:1
FNDA:1,(anonymous_0)
DA:1,1
DA:5,1
DA:6,1
LF:3
LH:3
BRF:0
BRH:0
end_of_record
TN:
SF:/Users/zihanli/Desktop/comp431_531/hw5/src/app/main/main.component.ts
FN:13,(anonymous_2)
FN:22,MainComponent
FN:29,(anonymous_4)
FN:35,(anonymous_5)
FN:37,(anonymous_6)
FN:40,(anonymous_7)
FN:44,(anonymous_8)
FN:48,(anonymous_9)
FN:64,(anonymous_10)
FN:68,(anonymous_11)
FN:80,(anonymous_12)
FN:82,(anonymous_13)
FN:91,(anonymous_14)
FN:95,(anonymous_15)
FN:111,(anonymous_16)
FNF:15
FNH:8
FNDA:1,(anonymous_2)
FNDA:3,MainComponent
FNDA:1,(anonymous_4)
FNDA:3,(anonymous_5)
FNDA:0,(anonymous_6)
FNDA:0,(anonymous_7)
FNDA:0,(anonymous_8)
FNDA:0,(anonymous_9)
FNDA:0,(anonymous_10)
FNDA:1,(anonymous_11)
FNDA:64,(anonymous_12)
FNDA:168,(anonymous_13)
FNDA:0,(anonymous_14)
FNDA:0,(anonymous_15)
FNDA:2,(anonymous_16)
DA:1,1
DA:2,1
DA:4,1
DA:5,1
DA:6,1
DA:13,1
DA:14,3
DA:19,3
DA:20,3
DA:21,3
DA:22,3
DA:24,3
DA:26,2
DA:29,1
DA:35,1
DA:37,1
DA:38,0
DA:40,1
DA:42,0
DA:44,1
DA:46,0
DA:48,1
DA:50,0
DA:52,0
DA:57,0
DA:61,0
DA:64,1
DA:66,0
DA:68,1
DA:70,1
DA:76,1
DA:77,1
DA:78,1
DA:80,1
DA:82,168
DA:84,63
DA:88,1
DA:91,1
DA:93,0
DA:95,1
DA:98,0
DA:99,0
DA:100,0
DA:102,0
DA:103,0
DA:107,0
DA:108,0
DA:111,1
DA:112,2
DA:114,1
LF:50
LH:34
BRDA:24,0,0,2
BRDA:24,0,1,1
BRDA:50,1,0,0
BRDA:50,1,1,0
BRDA:82,2,0,63
BRDA:82,2,1,1
BRDA:82,3,0,64
BRDA:82,3,1,20
BRDA:82,3,2,58
BRDA:82,3,3,7
BRDA:82,3,4,1
BRDA:100,4,0,0
BRDA:100,4,1,0
BRDA:22,5,0,1
BRDA:22,5,1,0
BRDA:22,6,0,1
BRDA:22,7,0,1
BRDA:22,7,1,1
BRDA:22,7,2,0
BRDA:22,8,0,1
BRDA:22,8,1,1
BRDA:22,9,0,1
BRDA:22,9,1,1
BRDA:22,9,2,0
BRDA:22,10,0,1
BRDA:22,10,1,1
BRF:26
BRH:19
end_of_record
TN:
SF:/Users/zihanli/Desktop/comp431_531/hw5/src/app/profile/profile.component.ts
FN:10,(anonymous_2)
FN:14,ProfileComponent
FN:17,(anonymous_4)
FN:19,(anonymous_5)
FN:23,(anonymous_6)
FNF:5
FNH:1
FNDA:1,(anonymous_2)
FNDA:0,ProfileComponent
FNDA:0,(anonymous_4)
FNDA:0,(anonymous_5)
FNDA:0,(anonymous_6)
DA:1,1
DA:2,1
DA:3,1
DA:10,1
DA:12,0
DA:14,0
DA:17,1
DA:19,1
DA:23,1
DA:25,0
DA:26,0
DA:28,0
DA:30,0
DA:32,0
DA:34,0
DA:36,0
DA:38,0
DA:40,0
DA:42,0
DA:44,0
DA:46,0
DA:48,0
DA:49,0
DA:50,0
DA:51,0
DA:52,0
DA:60,1
LF:27
LH:8
BRDA:26,0,0,0
BRDA:26,0,1,0
BRDA:30,1,0,0
BRDA:30,1,1,0
BRDA:34,2,0,0
BRDA:34,2,1,0
BRDA:38,3,0,0
BRDA:38,3,1,0
BRDA:42,4,0,0
BRDA:42,4,1,0
BRDA:46,5,0,0
BRDA:46,5,1,0
BRDA:46,6,0,0
BRDA:46,6,1,0
BRDA:46,6,2,0
BRDA:46,6,3,0
BRDA:46,6,4,0
BRDA:14,7,0,1
BRDA:14,7,1,0
BRDA:14,8,0,1
BRDA:14,9,0,1
BRDA:14,9,1,1
BRDA:14,9,2,0
BRDA:14,10,0,1
BRDA:14,10,1,1
BRF:25
BRH:6
end_of_record
TN:
SF:/Users/zihanli/Desktop/comp431_531/hw5/src/app/profile/profile.service.ts
FN:5,(anonymous_2)
FN:25,ProfileService
FN:26,(anonymous_4)
FN:34,(anonymous_5)
FN:49,(anonymous_6)
FN:64,(anonymous_7)
FN:79,(anonymous_8)
FN:93,(anonymous_9)
FN:104,(anonymous_10)
FN:108,(anonymous_11)
FN:111,(anonymous_12)
FNF:11
FNH:4
FNDA:1,(anonymous_2)
FNDA:0,ProfileService
FNDA:0,(anonymous_4)
FNDA:0,(anonymous_5)
FNDA:0,(anonymous_6)
FNDA:0,(anonymous_7)
FNDA:0,(anonymous_8)
FNDA:0,(anonymous_9)
FNDA:1,(anonymous_10)
FNDA:1,(anonymous_11)
FNDA:1,(anonymous_12)
DA:1,1
DA:3,1
DA:5,1
DA:6,0
DA:15,0
DA:16,0
DA:17,0
DA:18,0
DA:19,0
DA:20,0
DA:21,0
DA:22,0
DA:23,0
DA:26,1
DA:28,0
DA:29,0
DA:30,0
DA:31,0
DA:32,0
DA:34,1
DA:35,0
DA:37,0
DA:40,0
DA:42,0
DA:45,0
DA:49,1
DA:50,0
DA:52,0
DA:55,0
DA:57,0
DA:60,0
DA:64,1
DA:65,0
DA:67,0
DA:70,0
DA:72,0
DA:75,0
DA:79,1
DA:80,0
DA:82,0
DA:85,0
DA:87,0
DA:90,0
DA:93,1
DA:94,0
DA:96,0
DA:99,0
DA:103,1
DA:104,1
DA:106,1
DA:108,1
DA:110,1
DA:111,1
LF:53
LH:15
BRDA:35,0,0,0
BRDA:35,0,1,0
BRDA:40,1,0,0
BRDA:40,1,1,0
BRDA:50,2,0,0
BRDA:50,2,1,0
BRDA:55,3,0,0
BRDA:55,3,1,0
BRDA:65,4,0,0
BRDA:65,4,1,0
BRDA:70,5,0,0
BRDA:70,5,1,0
BRDA:80,6,0,0
BRDA:80,6,1,0
BRDA:85,7,0,0
BRDA:85,7,1,0
BRDA:94,8,0,0
BRDA:94,8,1,0
BRF:18
BRH:0
end_of_record
